{"C:\\Users\\tomir\\Desktop\\EPAM\\epam_train\\Module7\\Practical_task1\\PT2\\validation.js": {"path":"C:\\Users\\tomir\\Desktop\\EPAM\\epam_train\\Module7\\Practical_task1\\PT2\\validation.js","statementMap":{"0":{"start":{"line":6,"column":22},"end":{"line":28,"column":1}},"1":{"start":{"line":31,"column":17},"end":{"line":31,"column":19}},"2":{"start":{"line":32,"column":2},"end":{"line":35,"column":3}},"3":{"start":{"line":33,"column":4},"end":{"line":33,"column":37}},"4":{"start":{"line":34,"column":4},"end":{"line":34,"column":36}},"5":{"start":{"line":37,"column":2},"end":{"line":39,"column":3}},"6":{"start":{"line":38,"column":4},"end":{"line":38,"column":28}},"7":{"start":{"line":41,"column":2},"end":{"line":41,"column":48}},"8":{"start":{"line":45,"column":17},"end":{"line":45,"column":19}},"9":{"start":{"line":46,"column":14},"end":{"line":46,"column":81}},"10":{"start":{"line":48,"column":2},"end":{"line":51,"column":3}},"11":{"start":{"line":49,"column":4},"end":{"line":49,"column":40}},"12":{"start":{"line":50,"column":4},"end":{"line":50,"column":36}},"13":{"start":{"line":53,"column":2},"end":{"line":53,"column":67}},"14":{"start":{"line":53,"column":35},"end":{"line":53,"column":67}},"15":{"start":{"line":54,"column":2},"end":{"line":54,"column":65}},"16":{"start":{"line":54,"column":33},"end":{"line":54,"column":65}},"17":{"start":{"line":55,"column":2},"end":{"line":55,"column":67}},"18":{"start":{"line":55,"column":34},"end":{"line":55,"column":67}},"19":{"start":{"line":57,"column":2},"end":{"line":57,"column":48}},"20":{"start":{"line":61,"column":17},"end":{"line":61,"column":19}},"21":{"start":{"line":62,"column":2},"end":{"line":65,"column":3}},"22":{"start":{"line":63,"column":4},"end":{"line":63,"column":44}},"23":{"start":{"line":64,"column":4},"end":{"line":64,"column":36}},"24":{"start":{"line":68,"column":21},"end":{"line":68,"column":58}},"25":{"start":{"line":69,"column":2},"end":{"line":71,"column":3}},"26":{"start":{"line":70,"column":4},"end":{"line":70,"column":28}},"27":{"start":{"line":73,"column":2},"end":{"line":73,"column":48}},"28":{"start":{"line":77,"column":17},"end":{"line":81,"column":3}},"29":{"start":{"line":83,"column":16},"end":{"line":83,"column":81}},"30":{"start":{"line":84,"column":17},"end":{"line":84,"column":19}},"31":{"start":{"line":85,"column":2},"end":{"line":85,"column":63}},"32":{"start":{"line":85,"column":37},"end":{"line":85,"column":61}},"33":{"start":{"line":87,"column":2},"end":{"line":87,"column":44}},"34":{"start":{"line":90,"column":0},"end":{"line":90,"column":96}}},"fnMap":{"0":{"name":"validateEmail","decl":{"start":{"line":30,"column":9},"end":{"line":30,"column":22}},"loc":{"start":{"line":30,"column":58},"end":{"line":42,"column":1}},"line":30},"1":{"name":"validatePassword","decl":{"start":{"line":44,"column":9},"end":{"line":44,"column":25}},"loc":{"start":{"line":44,"column":67},"end":{"line":58,"column":1}},"line":44},"2":{"name":"validatePhone","decl":{"start":{"line":60,"column":9},"end":{"line":60,"column":22}},"loc":{"start":{"line":60,"column":58},"end":{"line":74,"column":1}},"line":60},"3":{"name":"validateAll","decl":{"start":{"line":76,"column":9},"end":{"line":76,"column":20}},"loc":{"start":{"line":76,"column":72},"end":{"line":88,"column":1}},"line":76},"4":{"name":"(anonymous_4)","decl":{"start":{"line":85,"column":32},"end":{"line":85,"column":33}},"loc":{"start":{"line":85,"column":37},"end":{"line":85,"column":61}},"line":85}},"branchMap":{"0":{"loc":{"start":{"line":30,"column":30},"end":{"line":30,"column":56}},"type":"default-arg","locations":[{"start":{"line":30,"column":37},"end":{"line":30,"column":56}}],"line":30},"1":{"loc":{"start":{"line":32,"column":2},"end":{"line":35,"column":3}},"type":"if","locations":[{"start":{"line":32,"column":2},"end":{"line":35,"column":3}},{"start":{},"end":{}}],"line":32},"2":{"loc":{"start":{"line":32,"column":6},"end":{"line":32,"column":74}},"type":"binary-expr","locations":[{"start":{"line":32,"column":6},"end":{"line":32,"column":20}},{"start":{"line":32,"column":24},"end":{"line":32,"column":43}},{"start":{"line":32,"column":47},"end":{"line":32,"column":74}}],"line":32},"3":{"loc":{"start":{"line":37,"column":2},"end":{"line":39,"column":3}},"type":"if","locations":[{"start":{"line":37,"column":2},"end":{"line":39,"column":3}},{"start":{},"end":{}}],"line":37},"4":{"loc":{"start":{"line":44,"column":36},"end":{"line":44,"column":65}},"type":"default-arg","locations":[{"start":{"line":44,"column":43},"end":{"line":44,"column":65}}],"line":44},"5":{"loc":{"start":{"line":46,"column":14},"end":{"line":46,"column":81}},"type":"cond-expr","locations":[{"start":{"line":46,"column":60},"end":{"line":46,"column":62}},{"start":{"line":46,"column":65},"end":{"line":46,"column":81}}],"line":46},"6":{"loc":{"start":{"line":46,"column":14},"end":{"line":46,"column":57}},"type":"binary-expr","locations":[{"start":{"line":46,"column":14},"end":{"line":46,"column":31}},{"start":{"line":46,"column":35},"end":{"line":46,"column":57}}],"line":46},"7":{"loc":{"start":{"line":48,"column":2},"end":{"line":51,"column":3}},"type":"if","locations":[{"start":{"line":48,"column":2},"end":{"line":51,"column":3}},{"start":{},"end":{}}],"line":48},"8":{"loc":{"start":{"line":53,"column":2},"end":{"line":53,"column":67}},"type":"if","locations":[{"start":{"line":53,"column":2},"end":{"line":53,"column":67}},{"start":{},"end":{}}],"line":53},"9":{"loc":{"start":{"line":54,"column":2},"end":{"line":54,"column":65}},"type":"if","locations":[{"start":{"line":54,"column":2},"end":{"line":54,"column":65}},{"start":{},"end":{}}],"line":54},"10":{"loc":{"start":{"line":55,"column":2},"end":{"line":55,"column":67}},"type":"if","locations":[{"start":{"line":55,"column":2},"end":{"line":55,"column":67}},{"start":{},"end":{}}],"line":55},"11":{"loc":{"start":{"line":60,"column":30},"end":{"line":60,"column":56}},"type":"default-arg","locations":[{"start":{"line":60,"column":37},"end":{"line":60,"column":56}}],"line":60},"12":{"loc":{"start":{"line":62,"column":2},"end":{"line":65,"column":3}},"type":"if","locations":[{"start":{"line":62,"column":2},"end":{"line":65,"column":3}},{"start":{},"end":{}}],"line":62},"13":{"loc":{"start":{"line":62,"column":6},"end":{"line":62,"column":74}},"type":"binary-expr","locations":[{"start":{"line":62,"column":6},"end":{"line":62,"column":20}},{"start":{"line":62,"column":24},"end":{"line":62,"column":43}},{"start":{"line":62,"column":47},"end":{"line":62,"column":74}}],"line":62},"14":{"loc":{"start":{"line":69,"column":2},"end":{"line":71,"column":3}},"type":"if","locations":[{"start":{"line":69,"column":2},"end":{"line":71,"column":3}},{"start":{},"end":{}}],"line":69},"15":{"loc":{"start":{"line":76,"column":49},"end":{"line":76,"column":70}},"type":"default-arg","locations":[{"start":{"line":76,"column":57},"end":{"line":76,"column":70}}],"line":76},"16":{"loc":{"start":{"line":83,"column":16},"end":{"line":83,"column":81}},"type":"binary-expr","locations":[{"start":{"line":83,"column":16},"end":{"line":83,"column":34}},{"start":{"line":83,"column":38},"end":{"line":83,"column":59}},{"start":{"line":83,"column":63},"end":{"line":83,"column":81}}],"line":83}},"s":{"0":1,"1":5,"2":5,"3":1,"4":1,"5":4,"6":2,"7":4,"8":7,"9":7,"10":7,"11":1,"12":1,"13":6,"14":2,"15":6,"16":2,"17":6,"18":2,"19":6,"20":5,"21":5,"22":1,"23":1,"24":4,"25":4,"26":1,"27":4,"28":2,"29":2,"30":2,"31":2,"32":6,"33":2,"34":1},"f":{"0":5,"1":7,"2":5,"3":2,"4":6},"b":{"0":[3],"1":[1,4],"2":[5,5,5],"3":[2,2],"4":[5],"5":[1,6],"6":[7,6],"7":[1,6],"8":[2,4],"9":[2,4],"10":[2,4],"11":[3],"12":[1,4],"13":[5,5,5],"14":[1,3],"15":[2],"16":[2,1,1]},"_coverageSchema":"1a1c01bbd47fc00a2c39e90264f33305004495a9","hash":"699114c4b294c006cd1724e882f15e4092e76b1f"}
}
