{"C:\\Users\\tomir\\Desktop\\EPAM\\epam_train\\Module7\\PT2\\validation.js": {"path":"C:\\Users\\tomir\\Desktop\\EPAM\\epam_train\\Module7\\PT2\\validation.js","statementMap":{"0":{"start":{"line":6,"column":22},"end":{"line":28,"column":1}},"1":{"start":{"line":31,"column":20},"end":{"line":35,"column":1}},"2":{"start":{"line":38,"column":2},"end":{"line":38,"column":24}},"3":{"start":{"line":42,"column":2},"end":{"line":42,"column":23}},"4":{"start":{"line":46,"column":12},"end":{"line":46,"column":39}},"5":{"start":{"line":47,"column":17},"end":{"line":47,"column":19}},"6":{"start":{"line":48,"column":2},"end":{"line":51,"column":3}},"7":{"start":{"line":49,"column":4},"end":{"line":49,"column":37}},"8":{"start":{"line":50,"column":4},"end":{"line":50,"column":36}},"9":{"start":{"line":53,"column":2},"end":{"line":55,"column":3}},"10":{"start":{"line":54,"column":4},"end":{"line":54,"column":25}},"11":{"start":{"line":57,"column":2},"end":{"line":57,"column":48}},"12":{"start":{"line":61,"column":12},"end":{"line":61,"column":42}},"13":{"start":{"line":62,"column":17},"end":{"line":62,"column":19}},"14":{"start":{"line":63,"column":14},"end":{"line":63,"column":81}},"15":{"start":{"line":65,"column":2},"end":{"line":68,"column":3}},"16":{"start":{"line":66,"column":4},"end":{"line":66,"column":40}},"17":{"start":{"line":67,"column":4},"end":{"line":67,"column":36}},"18":{"start":{"line":70,"column":2},"end":{"line":70,"column":61}},"19":{"start":{"line":70,"column":32},"end":{"line":70,"column":61}},"20":{"start":{"line":71,"column":2},"end":{"line":71,"column":59}},"21":{"start":{"line":71,"column":30},"end":{"line":71,"column":59}},"22":{"start":{"line":72,"column":2},"end":{"line":72,"column":61}},"23":{"start":{"line":72,"column":31},"end":{"line":72,"column":61}},"24":{"start":{"line":74,"column":2},"end":{"line":74,"column":48}},"25":{"start":{"line":78,"column":12},"end":{"line":78,"column":39}},"26":{"start":{"line":79,"column":17},"end":{"line":79,"column":19}},"27":{"start":{"line":80,"column":2},"end":{"line":83,"column":3}},"28":{"start":{"line":81,"column":4},"end":{"line":81,"column":44}},"29":{"start":{"line":82,"column":4},"end":{"line":82,"column":36}},"30":{"start":{"line":86,"column":21},"end":{"line":86,"column":58}},"31":{"start":{"line":87,"column":2},"end":{"line":89,"column":3}},"32":{"start":{"line":88,"column":4},"end":{"line":88,"column":25}},"33":{"start":{"line":91,"column":2},"end":{"line":91,"column":48}},"34":{"start":{"line":95,"column":12},"end":{"line":95,"column":34}},"35":{"start":{"line":96,"column":17},"end":{"line":100,"column":3}},"36":{"start":{"line":102,"column":16},"end":{"line":102,"column":81}},"37":{"start":{"line":103,"column":17},"end":{"line":103,"column":19}},"38":{"start":{"line":104,"column":2},"end":{"line":104,"column":67}},"39":{"start":{"line":104,"column":39},"end":{"line":104,"column":65}},"40":{"start":{"line":106,"column":2},"end":{"line":106,"column":44}},"41":{"start":{"line":110,"column":16},"end":{"line":110,"column":44}},"42":{"start":{"line":111,"column":13},"end":{"line":111,"column":28}},"43":{"start":{"line":112,"column":11},"end":{"line":112,"column":24}},"44":{"start":{"line":117,"column":2},"end":{"line":151,"column":3}},"45":{"start":{"line":118,"column":16},"end":{"line":118,"column":48}},"46":{"start":{"line":121,"column":23},"end":{"line":121,"column":87}},"47":{"start":{"line":122,"column":4},"end":{"line":129,"column":5}},"48":{"start":{"line":123,"column":6},"end":{"line":127,"column":7}},"49":{"start":{"line":124,"column":8},"end":{"line":124,"column":85}},"50":{"start":{"line":128,"column":6},"end":{"line":128,"column":48}},"51":{"start":{"line":132,"column":23},"end":{"line":132,"column":80}},"52":{"start":{"line":133,"column":4},"end":{"line":138,"column":5}},"53":{"start":{"line":134,"column":6},"end":{"line":136,"column":20}},"54":{"start":{"line":135,"column":8},"end":{"line":135,"column":85}},"55":{"start":{"line":137,"column":6},"end":{"line":137,"column":48}},"56":{"start":{"line":141,"column":24},"end":{"line":141,"column":95}},"57":{"start":{"line":142,"column":4},"end":{"line":148,"column":5}},"58":{"start":{"line":144,"column":18},"end":{"line":144,"column":32}},"59":{"start":{"line":145,"column":16},"end":{"line":145,"column":41}},"60":{"start":{"line":146,"column":6},"end":{"line":146,"column":67}},"61":{"start":{"line":146,"column":13},"end":{"line":146,"column":67}},"62":{"start":{"line":147,"column":6},"end":{"line":147,"column":49}},"63":{"start":{"line":155,"column":0},"end":{"line":155,"column":27}},"64":{"start":{"line":158,"column":2},"end":{"line":219,"column":5}},"65":{"start":{"line":159,"column":15},"end":{"line":161,"column":6}},"66":{"start":{"line":160,"column":6},"end":{"line":160,"column":34}},"67":{"start":{"line":160,"column":15},"end":{"line":160,"column":34}},"68":{"start":{"line":163,"column":4},"end":{"line":218,"column":7}},"69":{"start":{"line":164,"column":6},"end":{"line":167,"column":7}},"70":{"start":{"line":165,"column":8},"end":{"line":165,"column":19}},"71":{"start":{"line":166,"column":8},"end":{"line":166,"column":27}},"72":{"start":{"line":170,"column":20},"end":{"line":174,"column":7}},"73":{"start":{"line":176,"column":6},"end":{"line":215,"column":9}},"74":{"start":{"line":177,"column":21},"end":{"line":177,"column":32}},"75":{"start":{"line":178,"column":24},"end":{"line":178,"column":39}},"76":{"start":{"line":179,"column":20},"end":{"line":179,"column":35}},"77":{"start":{"line":181,"column":8},"end":{"line":214,"column":9}},"78":{"start":{"line":182,"column":10},"end":{"line":184,"column":11}},"79":{"start":{"line":183,"column":12},"end":{"line":183,"column":96}},"80":{"start":{"line":183,"column":18},"end":{"line":183,"column":81}},"81":{"start":{"line":185,"column":10},"end":{"line":185,"column":43}},"82":{"start":{"line":185,"column":19},"end":{"line":185,"column":43}},"83":{"start":{"line":186,"column":15},"end":{"line":214,"column":9}},"84":{"start":{"line":187,"column":10},"end":{"line":189,"column":11}},"85":{"start":{"line":188,"column":12},"end":{"line":188,"column":96}},"86":{"start":{"line":188,"column":18},"end":{"line":188,"column":81}},"87":{"start":{"line":190,"column":10},"end":{"line":190,"column":43}},"88":{"start":{"line":190,"column":19},"end":{"line":190,"column":43}},"89":{"start":{"line":191,"column":15},"end":{"line":214,"column":9}},"90":{"start":{"line":192,"column":10},"end":{"line":194,"column":11}},"91":{"start":{"line":193,"column":12},"end":{"line":193,"column":103}},"92":{"start":{"line":193,"column":18},"end":{"line":193,"column":88}},"93":{"start":{"line":195,"column":10},"end":{"line":195,"column":54}},"94":{"start":{"line":195,"column":19},"end":{"line":195,"column":54}},"95":{"start":{"line":196,"column":15},"end":{"line":214,"column":9}},"96":{"start":{"line":197,"column":10},"end":{"line":199,"column":11}},"97":{"start":{"line":198,"column":12},"end":{"line":198,"column":104}},"98":{"start":{"line":198,"column":18},"end":{"line":198,"column":89}},"99":{"start":{"line":200,"column":10},"end":{"line":200,"column":55}},"100":{"start":{"line":200,"column":19},"end":{"line":200,"column":55}},"101":{"start":{"line":201,"column":15},"end":{"line":214,"column":9}},"102":{"start":{"line":203,"column":20},"end":{"line":203,"column":24}},"103":{"start":{"line":204,"column":10},"end":{"line":207,"column":11}},"104":{"start":{"line":205,"column":27},"end":{"line":205,"column":48}},"105":{"start":{"line":206,"column":12},"end":{"line":206,"column":52}},"106":{"start":{"line":206,"column":39},"end":{"line":206,"column":52}},"107":{"start":{"line":208,"column":10},"end":{"line":211,"column":11}},"108":{"start":{"line":209,"column":22},"end":{"line":209,"column":40}},"109":{"start":{"line":210,"column":12},"end":{"line":210,"column":44}},"110":{"start":{"line":210,"column":19},"end":{"line":210,"column":44}},"111":{"start":{"line":212,"column":10},"end":{"line":212,"column":59}},"112":{"start":{"line":212,"column":28},"end":{"line":212,"column":59}},"113":{"start":{"line":213,"column":10},"end":{"line":213,"column":54}},"114":{"start":{"line":213,"column":19},"end":{"line":213,"column":54}},"115":{"start":{"line":217,"column":6},"end":{"line":217,"column":37}},"116":{"start":{"line":217,"column":21},"end":{"line":217,"column":35}},"117":{"start":{"line":223,"column":2},"end":{"line":223,"column":73}},"118":{"start":{"line":223,"column":47},"end":{"line":223,"column":71}},"119":{"start":{"line":227,"column":2},"end":{"line":230,"column":5}},"120":{"start":{"line":228,"column":4},"end":{"line":228,"column":20}},"121":{"start":{"line":229,"column":4},"end":{"line":229,"column":17}},"122":{"start":{"line":234,"column":0},"end":{"line":237,"column":3}},"123":{"start":{"line":239,"column":0},"end":{"line":239,"column":177}}},"fnMap":{"0":{"name":"setRules","decl":{"start":{"line":37,"column":9},"end":{"line":37,"column":17}},"loc":{"start":{"line":37,"column":25},"end":{"line":39,"column":1}},"line":37},"1":{"name":"getCurrentRules","decl":{"start":{"line":41,"column":9},"end":{"line":41,"column":24}},"loc":{"start":{"line":41,"column":27},"end":{"line":43,"column":1}},"line":41},"2":{"name":"validateEmail","decl":{"start":{"line":45,"column":9},"end":{"line":45,"column":22}},"loc":{"start":{"line":45,"column":36},"end":{"line":58,"column":1}},"line":45},"3":{"name":"validatePassword","decl":{"start":{"line":60,"column":9},"end":{"line":60,"column":25}},"loc":{"start":{"line":60,"column":42},"end":{"line":75,"column":1}},"line":60},"4":{"name":"validatePhone","decl":{"start":{"line":77,"column":9},"end":{"line":77,"column":22}},"loc":{"start":{"line":77,"column":36},"end":{"line":92,"column":1}},"line":77},"5":{"name":"validateAll","decl":{"start":{"line":94,"column":9},"end":{"line":94,"column":20}},"loc":{"start":{"line":94,"column":56},"end":{"line":107,"column":1}},"line":94},"6":{"name":"(anonymous_6)","decl":{"start":{"line":104,"column":32},"end":{"line":104,"column":33}},"loc":{"start":{"line":104,"column":39},"end":{"line":104,"column":65}},"line":104},"7":{"name":"loadRulesFromSqlFileSync","decl":{"start":{"line":116,"column":9},"end":{"line":116,"column":33}},"loc":{"start":{"line":116,"column":90},"end":{"line":152,"column":1}},"line":116},"8":{"name":"loadRulesFromDb","decl":{"start":{"line":157,"column":9},"end":{"line":157,"column":24}},"loc":{"start":{"line":157,"column":79},"end":{"line":220,"column":1}},"line":157},"9":{"name":"(anonymous_9)","decl":{"start":{"line":158,"column":21},"end":{"line":158,"column":22}},"loc":{"start":{"line":158,"column":42},"end":{"line":219,"column":3}},"line":158},"10":{"name":"(anonymous_10)","decl":{"start":{"line":159,"column":67},"end":{"line":159,"column":68}},"loc":{"start":{"line":159,"column":76},"end":{"line":161,"column":5}},"line":159},"11":{"name":"(anonymous_11)","decl":{"start":{"line":163,"column":87},"end":{"line":163,"column":88}},"loc":{"start":{"line":163,"column":102},"end":{"line":218,"column":5}},"line":163},"12":{"name":"(anonymous_12)","decl":{"start":{"line":176,"column":19},"end":{"line":176,"column":20}},"loc":{"start":{"line":176,"column":24},"end":{"line":215,"column":7}},"line":176},"13":{"name":"(anonymous_13)","decl":{"start":{"line":217,"column":15},"end":{"line":217,"column":16}},"loc":{"start":{"line":217,"column":21},"end":{"line":217,"column":35}},"line":217},"14":{"name":"validateAllFromDb","decl":{"start":{"line":222,"column":9},"end":{"line":222,"column":26}},"loc":{"start":{"line":222,"column":41},"end":{"line":224,"column":1}},"line":222},"15":{"name":"(anonymous_15)","decl":{"start":{"line":223,"column":38},"end":{"line":223,"column":39}},"loc":{"start":{"line":223,"column":47},"end":{"line":223,"column":71}},"line":223},"16":{"name":"applyRulesFromDb","decl":{"start":{"line":226,"column":9},"end":{"line":226,"column":25}},"loc":{"start":{"line":226,"column":34},"end":{"line":231,"column":1}},"line":226},"17":{"name":"(anonymous_17)","decl":{"start":{"line":227,"column":38},"end":{"line":227,"column":39}},"loc":{"start":{"line":227,"column":47},"end":{"line":230,"column":3}},"line":227},"18":{"name":"(anonymous_18)","decl":{"start":{"line":234,"column":25},"end":{"line":234,"column":26}},"loc":{"start":{"line":234,"column":32},"end":{"line":237,"column":1}},"line":234}},"branchMap":{"0":{"loc":{"start":{"line":46,"column":12},"end":{"line":46,"column":39}},"type":"binary-expr","locations":[{"start":{"line":46,"column":12},"end":{"line":46,"column":16}},{"start":{"line":46,"column":20},"end":{"line":46,"column":39}}],"line":46},"1":{"loc":{"start":{"line":48,"column":2},"end":{"line":51,"column":3}},"type":"if","locations":[{"start":{"line":48,"column":2},"end":{"line":51,"column":3}},{"start":{},"end":{}}],"line":48},"2":{"loc":{"start":{"line":48,"column":6},"end":{"line":48,"column":74}},"type":"binary-expr","locations":[{"start":{"line":48,"column":6},"end":{"line":48,"column":20}},{"start":{"line":48,"column":24},"end":{"line":48,"column":43}},{"start":{"line":48,"column":47},"end":{"line":48,"column":74}}],"line":48},"3":{"loc":{"start":{"line":53,"column":2},"end":{"line":55,"column":3}},"type":"if","locations":[{"start":{"line":53,"column":2},"end":{"line":55,"column":3}},{"start":{},"end":{}}],"line":53},"4":{"loc":{"start":{"line":61,"column":12},"end":{"line":61,"column":42}},"type":"binary-expr","locations":[{"start":{"line":61,"column":12},"end":{"line":61,"column":16}},{"start":{"line":61,"column":20},"end":{"line":61,"column":42}}],"line":61},"5":{"loc":{"start":{"line":63,"column":14},"end":{"line":63,"column":81}},"type":"cond-expr","locations":[{"start":{"line":63,"column":60},"end":{"line":63,"column":62}},{"start":{"line":63,"column":65},"end":{"line":63,"column":81}}],"line":63},"6":{"loc":{"start":{"line":63,"column":14},"end":{"line":63,"column":57}},"type":"binary-expr","locations":[{"start":{"line":63,"column":14},"end":{"line":63,"column":31}},{"start":{"line":63,"column":35},"end":{"line":63,"column":57}}],"line":63},"7":{"loc":{"start":{"line":65,"column":2},"end":{"line":68,"column":3}},"type":"if","locations":[{"start":{"line":65,"column":2},"end":{"line":68,"column":3}},{"start":{},"end":{}}],"line":65},"8":{"loc":{"start":{"line":70,"column":2},"end":{"line":70,"column":61}},"type":"if","locations":[{"start":{"line":70,"column":2},"end":{"line":70,"column":61}},{"start":{},"end":{}}],"line":70},"9":{"loc":{"start":{"line":71,"column":2},"end":{"line":71,"column":59}},"type":"if","locations":[{"start":{"line":71,"column":2},"end":{"line":71,"column":59}},{"start":{},"end":{}}],"line":71},"10":{"loc":{"start":{"line":72,"column":2},"end":{"line":72,"column":61}},"type":"if","locations":[{"start":{"line":72,"column":2},"end":{"line":72,"column":61}},{"start":{},"end":{}}],"line":72},"11":{"loc":{"start":{"line":78,"column":12},"end":{"line":78,"column":39}},"type":"binary-expr","locations":[{"start":{"line":78,"column":12},"end":{"line":78,"column":16}},{"start":{"line":78,"column":20},"end":{"line":78,"column":39}}],"line":78},"12":{"loc":{"start":{"line":80,"column":2},"end":{"line":83,"column":3}},"type":"if","locations":[{"start":{"line":80,"column":2},"end":{"line":83,"column":3}},{"start":{},"end":{}}],"line":80},"13":{"loc":{"start":{"line":80,"column":6},"end":{"line":80,"column":74}},"type":"binary-expr","locations":[{"start":{"line":80,"column":6},"end":{"line":80,"column":20}},{"start":{"line":80,"column":24},"end":{"line":80,"column":43}},{"start":{"line":80,"column":47},"end":{"line":80,"column":74}}],"line":80},"14":{"loc":{"start":{"line":87,"column":2},"end":{"line":89,"column":3}},"type":"if","locations":[{"start":{"line":87,"column":2},"end":{"line":89,"column":3}},{"start":{},"end":{}}],"line":87},"15":{"loc":{"start":{"line":95,"column":12},"end":{"line":95,"column":34}},"type":"binary-expr","locations":[{"start":{"line":95,"column":12},"end":{"line":95,"column":17}},{"start":{"line":95,"column":21},"end":{"line":95,"column":34}}],"line":95},"16":{"loc":{"start":{"line":102,"column":16},"end":{"line":102,"column":81}},"type":"binary-expr","locations":[{"start":{"line":102,"column":16},"end":{"line":102,"column":34}},{"start":{"line":102,"column":38},"end":{"line":102,"column":59}},{"start":{"line":102,"column":63},"end":{"line":102,"column":81}}],"line":102},"17":{"loc":{"start":{"line":116,"column":34},"end":{"line":116,"column":88}},"type":"default-arg","locations":[{"start":{"line":116,"column":44},"end":{"line":116,"column":88}}],"line":116},"18":{"loc":{"start":{"line":122,"column":4},"end":{"line":129,"column":5}},"type":"if","locations":[{"start":{"line":122,"column":4},"end":{"line":129,"column":5}},{"start":{},"end":{}}],"line":122},"19":{"loc":{"start":{"line":133,"column":4},"end":{"line":138,"column":5}},"type":"if","locations":[{"start":{"line":133,"column":4},"end":{"line":138,"column":5}},{"start":{},"end":{}}],"line":133},"20":{"loc":{"start":{"line":142,"column":4},"end":{"line":148,"column":5}},"type":"if","locations":[{"start":{"line":142,"column":4},"end":{"line":148,"column":5}},{"start":{},"end":{}}],"line":142},"21":{"loc":{"start":{"line":145,"column":16},"end":{"line":145,"column":41}},"type":"binary-expr","locations":[{"start":{"line":145,"column":16},"end":{"line":145,"column":19}},{"start":{"line":145,"column":23},"end":{"line":145,"column":41}}],"line":145},"22":{"loc":{"start":{"line":146,"column":6},"end":{"line":146,"column":67}},"type":"if","locations":[{"start":{"line":146,"column":6},"end":{"line":146,"column":67}},{"start":{},"end":{}}],"line":146},"23":{"loc":{"start":{"line":157,"column":25},"end":{"line":157,"column":77}},"type":"default-arg","locations":[{"start":{"line":157,"column":34},"end":{"line":157,"column":77}}],"line":157},"24":{"loc":{"start":{"line":160,"column":6},"end":{"line":160,"column":34}},"type":"if","locations":[{"start":{"line":160,"column":6},"end":{"line":160,"column":34}},{"start":{},"end":{}}],"line":160},"25":{"loc":{"start":{"line":164,"column":6},"end":{"line":167,"column":7}},"type":"if","locations":[{"start":{"line":164,"column":6},"end":{"line":167,"column":7}},{"start":{},"end":{}}],"line":164},"26":{"loc":{"start":{"line":181,"column":8},"end":{"line":214,"column":9}},"type":"if","locations":[{"start":{"line":181,"column":8},"end":{"line":214,"column":9}},{"start":{"line":186,"column":15},"end":{"line":214,"column":9}}],"line":181},"27":{"loc":{"start":{"line":182,"column":10},"end":{"line":184,"column":11}},"type":"if","locations":[{"start":{"line":182,"column":10},"end":{"line":184,"column":11}},{"start":{},"end":{}}],"line":182},"28":{"loc":{"start":{"line":185,"column":10},"end":{"line":185,"column":43}},"type":"if","locations":[{"start":{"line":185,"column":10},"end":{"line":185,"column":43}},{"start":{},"end":{}}],"line":185},"29":{"loc":{"start":{"line":186,"column":15},"end":{"line":214,"column":9}},"type":"if","locations":[{"start":{"line":186,"column":15},"end":{"line":214,"column":9}},{"start":{"line":191,"column":15},"end":{"line":214,"column":9}}],"line":186},"30":{"loc":{"start":{"line":187,"column":10},"end":{"line":189,"column":11}},"type":"if","locations":[{"start":{"line":187,"column":10},"end":{"line":189,"column":11}},{"start":{},"end":{}}],"line":187},"31":{"loc":{"start":{"line":190,"column":10},"end":{"line":190,"column":43}},"type":"if","locations":[{"start":{"line":190,"column":10},"end":{"line":190,"column":43}},{"start":{},"end":{}}],"line":190},"32":{"loc":{"start":{"line":191,"column":15},"end":{"line":214,"column":9}},"type":"if","locations":[{"start":{"line":191,"column":15},"end":{"line":214,"column":9}},{"start":{"line":196,"column":15},"end":{"line":214,"column":9}}],"line":191},"33":{"loc":{"start":{"line":192,"column":10},"end":{"line":194,"column":11}},"type":"if","locations":[{"start":{"line":192,"column":10},"end":{"line":194,"column":11}},{"start":{},"end":{}}],"line":192},"34":{"loc":{"start":{"line":195,"column":10},"end":{"line":195,"column":54}},"type":"if","locations":[{"start":{"line":195,"column":10},"end":{"line":195,"column":54}},{"start":{},"end":{}}],"line":195},"35":{"loc":{"start":{"line":196,"column":15},"end":{"line":214,"column":9}},"type":"if","locations":[{"start":{"line":196,"column":15},"end":{"line":214,"column":9}},{"start":{"line":201,"column":15},"end":{"line":214,"column":9}}],"line":196},"36":{"loc":{"start":{"line":197,"column":10},"end":{"line":199,"column":11}},"type":"if","locations":[{"start":{"line":197,"column":10},"end":{"line":199,"column":11}},{"start":{},"end":{}}],"line":197},"37":{"loc":{"start":{"line":200,"column":10},"end":{"line":200,"column":55}},"type":"if","locations":[{"start":{"line":200,"column":10},"end":{"line":200,"column":55}},{"start":{},"end":{}}],"line":200},"38":{"loc":{"start":{"line":201,"column":15},"end":{"line":214,"column":9}},"type":"if","locations":[{"start":{"line":201,"column":15},"end":{"line":214,"column":9}},{"start":{},"end":{}}],"line":201},"39":{"loc":{"start":{"line":204,"column":10},"end":{"line":207,"column":11}},"type":"if","locations":[{"start":{"line":204,"column":10},"end":{"line":207,"column":11}},{"start":{},"end":{}}],"line":204},"40":{"loc":{"start":{"line":206,"column":12},"end":{"line":206,"column":52}},"type":"if","locations":[{"start":{"line":206,"column":12},"end":{"line":206,"column":52}},{"start":{},"end":{}}],"line":206},"41":{"loc":{"start":{"line":208,"column":10},"end":{"line":211,"column":11}},"type":"if","locations":[{"start":{"line":208,"column":10},"end":{"line":211,"column":11}},{"start":{},"end":{}}],"line":208},"42":{"loc":{"start":{"line":208,"column":14},"end":{"line":208,"column":33}},"type":"binary-expr","locations":[{"start":{"line":208,"column":14},"end":{"line":208,"column":26}},{"start":{"line":208,"column":30},"end":{"line":208,"column":33}}],"line":208},"43":{"loc":{"start":{"line":210,"column":12},"end":{"line":210,"column":44}},"type":"if","locations":[{"start":{"line":210,"column":12},"end":{"line":210,"column":44}},{"start":{},"end":{}}],"line":210},"44":{"loc":{"start":{"line":212,"column":10},"end":{"line":212,"column":59}},"type":"if","locations":[{"start":{"line":212,"column":10},"end":{"line":212,"column":59}},{"start":{},"end":{}}],"line":212},"45":{"loc":{"start":{"line":213,"column":10},"end":{"line":213,"column":54}},"type":"if","locations":[{"start":{"line":213,"column":10},"end":{"line":213,"column":54}},{"start":{},"end":{}}],"line":213}},"s":{"0":1,"1":1,"2":0,"3":0,"4":5,"5":5,"6":5,"7":1,"8":1,"9":4,"10":2,"11":4,"12":7,"13":7,"14":7,"15":7,"16":1,"17":1,"18":6,"19":2,"20":6,"21":2,"22":6,"23":2,"24":6,"25":5,"26":5,"27":5,"28":1,"29":1,"30":4,"31":4,"32":1,"33":4,"34":2,"35":2,"36":2,"37":2,"38":2,"39":6,"40":2,"41":1,"42":1,"43":1,"44":1,"45":1,"46":1,"47":1,"48":1,"49":1,"50":1,"51":1,"52":1,"53":1,"54":1,"55":1,"56":1,"57":1,"58":1,"59":1,"60":1,"61":1,"62":1,"63":1,"64":1,"65":1,"66":0,"67":0,"68":1,"69":0,"70":0,"71":0,"72":0,"73":0,"74":0,"75":0,"76":0,"77":0,"78":0,"79":0,"80":0,"81":0,"82":0,"83":0,"84":0,"85":0,"86":0,"87":0,"88":0,"89":0,"90":0,"91":0,"92":0,"93":0,"94":0,"95":0,"96":0,"97":0,"98":0,"99":0,"100":0,"101":0,"102":0,"103":0,"104":0,"105":0,"106":0,"107":0,"108":0,"109":0,"110":0,"111":0,"112":0,"113":0,"114":0,"115":0,"116":0,"117":0,"118":0,"119":1,"120":0,"121":0,"122":1,"123":1},"f":{"0":0,"1":0,"2":5,"3":7,"4":5,"5":2,"6":6,"7":1,"8":1,"9":1,"10":0,"11":0,"12":0,"13":0,"14":0,"15":0,"16":1,"17":0,"18":0},"b":{"0":[5,3],"1":[1,4],"2":[5,5,5],"3":[2,2],"4":[7,5],"5":[1,6],"6":[7,6],"7":[1,6],"8":[2,4],"9":[2,4],"10":[2,4],"11":[5,3],"12":[1,4],"13":[5,5,5],"14":[1,3],"15":[2,2],"16":[2,1,1],"17":[1],"18":[1,0],"19":[1,0],"20":[1,0],"21":[1,1],"22":[1,0],"23":[1],"24":[0,0],"25":[0,0],"26":[0,0],"27":[0,0],"28":[0,0],"29":[0,0],"30":[0,0],"31":[0,0],"32":[0,0],"33":[0,0],"34":[0,0],"35":[0,0],"36":[0,0],"37":[0,0],"38":[0,0],"39":[0,0],"40":[0,0],"41":[0,0],"42":[0,0],"43":[0,0],"44":[0,0],"45":[0,0]},"_coverageSchema":"1a1c01bbd47fc00a2c39e90264f33305004495a9","hash":"30b20a7494d475a34874b3725f5860c3eea76027"}
}
