TN:
SF:validation.js
FN:30,validateEmail
FN:44,validatePassword
FN:60,validatePhone
FN:76,validateAll
FN:85,(anonymous_4)
FNF:5
FNH:5
FNDA:5,validateEmail
FNDA:7,validatePassword
FNDA:5,validatePhone
FNDA:2,validateAll
FNDA:6,(anonymous_4)
DA:6,1
DA:31,5
DA:32,5
DA:33,1
DA:34,1
DA:37,4
DA:38,2
DA:41,4
DA:45,7
DA:46,7
DA:48,7
DA:49,1
DA:50,1
DA:53,6
DA:54,6
DA:55,6
DA:57,6
DA:61,5
DA:62,5
DA:63,1
DA:64,1
DA:68,4
DA:69,4
DA:70,1
DA:73,4
DA:77,2
DA:83,2
DA:84,2
DA:85,6
DA:87,2
DA:90,1
LF:31
LH:31
BRDA:30,0,0,3
BRDA:32,1,0,1
BRDA:32,1,1,4
BRDA:32,2,0,5
BRDA:32,2,1,5
BRDA:32,2,2,5
BRDA:37,3,0,2
BRDA:37,3,1,2
BRDA:44,4,0,5
BRDA:46,5,0,1
BRDA:46,5,1,6
BRDA:46,6,0,7
BRDA:46,6,1,6
BRDA:48,7,0,1
BRDA:48,7,1,6
BRDA:53,8,0,2
BRDA:53,8,1,4
BRDA:54,9,0,2
BRDA:54,9,1,4
BRDA:55,10,0,2
BRDA:55,10,1,4
BRDA:60,11,0,3
BRDA:62,12,0,1
BRDA:62,12,1,4
BRDA:62,13,0,5
BRDA:62,13,1,5
BRDA:62,13,2,5
BRDA:69,14,0,1
BRDA:69,14,1,3
BRDA:76,15,0,2
BRDA:83,16,0,2
BRDA:83,16,1,1
BRDA:83,16,2,1
BRF:33
BRH:33
end_of_record
