TN:
SF:validation.js
FN:37,setRules
FN:41,getCurrentRules
FN:45,validateEmail
FN:60,validatePassword
FN:77,validatePhone
FN:94,validateAll
FN:104,(anonymous_6)
FN:116,loadRulesFromSqlFileSync
FN:157,loadRulesFromDb
FN:158,(anonymous_9)
FN:159,(anonymous_10)
FN:163,(anonymous_11)
FN:176,(anonymous_12)
FN:217,(anonymous_13)
FN:222,validateAllFromDb
FN:223,(anonymous_15)
FN:226,applyRulesFromDb
FN:227,(anonymous_17)
FN:234,(anonymous_18)
FNF:19
FNH:9
FNDA:0,setRules
FNDA:0,getCurrentRules
FNDA:5,validateEmail
FNDA:7,validatePassword
FNDA:5,validatePhone
FNDA:2,validateAll
FNDA:6,(anonymous_6)
FNDA:1,loadRulesFromSqlFileSync
FNDA:1,loadRulesFromDb
FNDA:1,(anonymous_9)
FNDA:0,(anonymous_10)
FNDA:0,(anonymous_11)
FNDA:0,(anonymous_12)
FNDA:0,(anonymous_13)
FNDA:0,validateAllFromDb
FNDA:0,(anonymous_15)
FNDA:1,applyRulesFromDb
FNDA:0,(anonymous_17)
FNDA:0,(anonymous_18)
DA:6,1
DA:31,1
DA:38,0
DA:42,0
DA:46,5
DA:47,5
DA:48,5
DA:49,1
DA:50,1
DA:53,4
DA:54,2
DA:57,4
DA:61,7
DA:62,7
DA:63,7
DA:65,7
DA:66,1
DA:67,1
DA:70,6
DA:71,6
DA:72,6
DA:74,6
DA:78,5
DA:79,5
DA:80,5
DA:81,1
DA:82,1
DA:86,4
DA:87,4
DA:88,1
DA:91,4
DA:95,2
DA:96,2
DA:102,2
DA:103,2
DA:104,6
DA:106,2
DA:110,1
DA:111,1
DA:112,1
DA:117,1
DA:118,1
DA:121,1
DA:122,1
DA:123,1
DA:124,1
DA:128,1
DA:132,1
DA:133,1
DA:134,1
DA:135,1
DA:137,1
DA:141,1
DA:142,1
DA:144,1
DA:145,1
DA:146,1
DA:147,1
DA:155,1
DA:158,1
DA:159,1
DA:160,0
DA:163,1
DA:164,0
DA:165,0
DA:166,0
DA:170,0
DA:176,0
DA:177,0
DA:178,0
DA:179,0
DA:181,0
DA:182,0
DA:183,0
DA:185,0
DA:186,0
DA:187,0
DA:188,0
DA:190,0
DA:191,0
DA:192,0
DA:193,0
DA:195,0
DA:196,0
DA:197,0
DA:198,0
DA:200,0
DA:201,0
DA:203,0
DA:204,0
DA:205,0
DA:206,0
DA:208,0
DA:209,0
DA:210,0
DA:212,0
DA:213,0
DA:217,0
DA:223,0
DA:227,1
DA:228,0
DA:229,0
DA:234,1
DA:239,1
LF:104
LH:63
BRDA:46,0,0,5
BRDA:46,0,1,3
BRDA:48,1,0,1
BRDA:48,1,1,4
BRDA:48,2,0,5
BRDA:48,2,1,5
BRDA:48,2,2,5
BRDA:53,3,0,2
BRDA:53,3,1,2
BRDA:61,4,0,7
BRDA:61,4,1,5
BRDA:63,5,0,1
BRDA:63,5,1,6
BRDA:63,6,0,7
BRDA:63,6,1,6
BRDA:65,7,0,1
BRDA:65,7,1,6
BRDA:70,8,0,2
BRDA:70,8,1,4
BRDA:71,9,0,2
BRDA:71,9,1,4
BRDA:72,10,0,2
BRDA:72,10,1,4
BRDA:78,11,0,5
BRDA:78,11,1,3
BRDA:80,12,0,1
BRDA:80,12,1,4
BRDA:80,13,0,5
BRDA:80,13,1,5
BRDA:80,13,2,5
BRDA:87,14,0,1
BRDA:87,14,1,3
BRDA:95,15,0,2
BRDA:95,15,1,2
BRDA:102,16,0,2
BRDA:102,16,1,1
BRDA:102,16,2,1
BRDA:116,17,0,1
BRDA:122,18,0,1
BRDA:122,18,1,0
BRDA:133,19,0,1
BRDA:133,19,1,0
BRDA:142,20,0,1
BRDA:142,20,1,0
BRDA:145,21,0,1
BRDA:145,21,1,1
BRDA:146,22,0,1
BRDA:146,22,1,0
BRDA:157,23,0,1
BRDA:160,24,0,0
BRDA:160,24,1,0
BRDA:164,25,0,0
BRDA:164,25,1,0
BRDA:181,26,0,0
BRDA:181,26,1,0
BRDA:182,27,0,0
BRDA:182,27,1,0
BRDA:185,28,0,0
BRDA:185,28,1,0
BRDA:186,29,0,0
BRDA:186,29,1,0
BRDA:187,30,0,0
BRDA:187,30,1,0
BRDA:190,31,0,0
BRDA:190,31,1,0
BRDA:191,32,0,0
BRDA:191,32,1,0
BRDA:192,33,0,0
BRDA:192,33,1,0
BRDA:195,34,0,0
BRDA:195,34,1,0
BRDA:196,35,0,0
BRDA:196,35,1,0
BRDA:197,36,0,0
BRDA:197,36,1,0
BRDA:200,37,0,0
BRDA:200,37,1,0
BRDA:201,38,0,0
BRDA:201,38,1,0
BRDA:204,39,0,0
BRDA:204,39,1,0
BRDA:206,40,0,0
BRDA:206,40,1,0
BRDA:208,41,0,0
BRDA:208,41,1,0
BRDA:208,42,0,0
BRDA:208,42,1,0
BRDA:210,43,0,0
BRDA:210,43,1,0
BRDA:212,44,0,0
BRDA:212,44,1,0
BRDA:213,45,0,0
BRDA:213,45,1,0
BRF:93
BRH:45
end_of_record
